<?xml version="1.0" encoding="UTF-8"?>
<!-- Generated by org.testng.reporters.JUnitXMLReporter -->
<testsuite ignored="0" hostname="LAPTOP-CK4G89C4" failures="0" tests="4" name="Default test" time="33.259" errors="0" timestamp="2025-02-15T16:15:29 IST">
  <testcase classname="testCases.StockPageTest" name="selectStock" time="0.813"/>
  <testcase classname="testCases.StockPageTest" name="verifyStockPrice" time="2.326"/>
  <testcase classname="testCases.StockPageTest" name="capturePreviousClose" time="0.08"/>
  <testcase classname="testCases.StockPageTest" name="captureVolume" time="0.018"/>
</testsuite> <!-- Default test -->
